[2023-12-11 18:04:55.452 -05:00 INF] Executed DbCommand (8ms) [Parameters=[], CommandType='"Text"', CommandTimeout='30']
SELECT 1 FROM INFORMATION_SCHEMA.TABLES WHERE TABLE_SCHEMA='backend' AND TABLE_NAME='__EFMigrationsHistory';
[2023-12-11 18:04:55.499 -05:00 INF] Executed DbCommand (2ms) [Parameters=[], CommandType='"Text"', CommandTimeout='30']
SELECT 1 FROM INFORMATION_SCHEMA.TABLES WHERE TABLE_SCHEMA='backend' AND TABLE_NAME='__EFMigrationsHistory';
[2023-12-11 18:04:55.520 -05:00 INF] Executed DbCommand (3ms) [Parameters=[], CommandType='"Text"', CommandTimeout='30']
SELECT `MigrationId`, `ProductVersion`
FROM `__EFMigrationsHistory`
ORDER BY `MigrationId`;
[2023-12-11 18:04:55.534 -05:00 INF] No migrations were applied. The database is already up to date.
[2023-12-11 18:04:55.632 -05:00 INF] User profile is available. Using 'C:\Users\user\AppData\Local\ASP.NET\DataProtection-Keys' as key repository and Windows DPAPI to encrypt keys at rest.
[2023-12-11 18:04:55.640 -05:00 INF] Creating key {02497c9f-36be-4884-a3dd-ac476c517558} with creation date 2023-12-11 23:04:55Z, activation date 2023-12-11 23:04:55Z, and expiration date 2024-03-10 23:04:55Z.
[2023-12-11 18:04:55.652 -05:00 INF] Writing data to file 'C:\Users\user\AppData\Local\ASP.NET\DataProtection-Keys\key-02497c9f-36be-4884-a3dd-ac476c517558.xml'.
[2023-12-11 18:04:55.690 -05:00 INF] Now listening on: http://localhost:5114
[2023-12-11 18:04:55.692 -05:00 INF] Application started. Press Ctrl+C to shut down.
[2023-12-11 18:04:55.693 -05:00 INF] Hosting environment: Development
[2023-12-11 18:04:55.693 -05:00 INF] Content root path: C:\Users\user\Desktop\Prueba_Backend\API
[2023-12-11 18:04:58.985 -05:00 INF] Request starting HTTP/1.1 POST http://localhost:5114/City - null 0
[2023-12-11 18:04:59.018 -05:00 WRN] Failed to determine the https port for redirect.
[2023-12-11 18:04:59.044 -05:00 INF] Authorization failed. These requirements were not met:
RolesAuthorizationRequirement:User.IsInRole must be true for one of the following roles: (Employee)
[2023-12-11 18:04:59.047 -05:00 INF] AuthenticationScheme: Bearer was challenged.
[2023-12-11 18:04:59.055 -05:00 INF] Request finished HTTP/1.1 POST http://localhost:5114/City - 404 0 null 71.9426ms
[2023-12-11 18:04:59.057 -05:00 INF] Request reached the end of the middleware pipeline without being handled by application code. Request path: POST http://localhost:5114/City, Response status code: 404
[2023-12-11 18:05:03.752 -05:00 INF] Application is shutting down...
[2023-12-11 18:05:08.629 -05:00 INF] Executed DbCommand (7ms) [Parameters=[], CommandType='"Text"', CommandTimeout='30']
SELECT 1 FROM INFORMATION_SCHEMA.TABLES WHERE TABLE_SCHEMA='backend' AND TABLE_NAME='__EFMigrationsHistory';
[2023-12-11 18:05:08.674 -05:00 INF] Executed DbCommand (1ms) [Parameters=[], CommandType='"Text"', CommandTimeout='30']
SELECT 1 FROM INFORMATION_SCHEMA.TABLES WHERE TABLE_SCHEMA='backend' AND TABLE_NAME='__EFMigrationsHistory';
[2023-12-11 18:05:08.698 -05:00 INF] Executed DbCommand (3ms) [Parameters=[], CommandType='"Text"', CommandTimeout='30']
SELECT `MigrationId`, `ProductVersion`
FROM `__EFMigrationsHistory`
ORDER BY `MigrationId`;
[2023-12-11 18:05:08.712 -05:00 INF] No migrations were applied. The database is already up to date.
[2023-12-11 18:05:08.800 -05:00 INF] User profile is available. Using 'C:\Users\user\AppData\Local\ASP.NET\DataProtection-Keys' as key repository and Windows DPAPI to encrypt keys at rest.
[2023-12-11 18:05:08.849 -05:00 INF] Now listening on: http://localhost:5114
[2023-12-11 18:05:08.852 -05:00 INF] Application started. Press Ctrl+C to shut down.
[2023-12-11 18:05:08.852 -05:00 INF] Hosting environment: Development
[2023-12-11 18:05:08.852 -05:00 INF] Content root path: C:\Users\user\Desktop\Prueba_Backend\API
[2023-12-11 18:05:11.030 -05:00 INF] Request starting HTTP/1.1 POST http://localhost:5114/ - null 0
[2023-12-11 18:05:11.064 -05:00 WRN] Failed to determine the https port for redirect.
[2023-12-11 18:05:11.093 -05:00 INF] Request finished HTTP/1.1 POST http://localhost:5114/ - 404 0 null 62.8691ms
[2023-12-11 18:05:11.096 -05:00 INF] Request reached the end of the middleware pipeline without being handled by application code. Request path: POST http://localhost:5114/, Response status code: 404
[2023-12-11 18:08:11.648 -05:00 INF] Application is shutting down...
[2023-12-11 18:08:18.844 -05:00 INF] Executed DbCommand (10ms) [Parameters=[], CommandType='"Text"', CommandTimeout='30']
SELECT 1 FROM INFORMATION_SCHEMA.TABLES WHERE TABLE_SCHEMA='backend' AND TABLE_NAME='__EFMigrationsHistory';
[2023-12-11 18:08:18.901 -05:00 INF] Executed DbCommand (2ms) [Parameters=[], CommandType='"Text"', CommandTimeout='30']
SELECT 1 FROM INFORMATION_SCHEMA.TABLES WHERE TABLE_SCHEMA='backend' AND TABLE_NAME='__EFMigrationsHistory';
[2023-12-11 18:08:18.930 -05:00 INF] Executed DbCommand (4ms) [Parameters=[], CommandType='"Text"', CommandTimeout='30']
SELECT `MigrationId`, `ProductVersion`
FROM `__EFMigrationsHistory`
ORDER BY `MigrationId`;
[2023-12-11 18:08:18.946 -05:00 INF] No migrations were applied. The database is already up to date.
[2023-12-11 18:08:19.054 -05:00 INF] User profile is available. Using 'C:\Users\user\AppData\Local\ASP.NET\DataProtection-Keys' as key repository and Windows DPAPI to encrypt keys at rest.
[2023-12-11 18:08:19.106 -05:00 INF] Now listening on: http://localhost:5114
[2023-12-11 18:08:19.109 -05:00 INF] Application started. Press Ctrl+C to shut down.
[2023-12-11 18:08:19.109 -05:00 INF] Hosting environment: Development
[2023-12-11 18:08:19.109 -05:00 INF] Content root path: C:\Users\user\Desktop\Prueba_Backend\API
[2023-12-11 18:08:21.367 -05:00 INF] Request starting HTTP/1.1 POST http://localhost:5114/ - null 0
[2023-12-11 18:08:21.415 -05:00 INF] Request finished HTTP/1.1 POST http://localhost:5114/ - 404 0 null 49.0036ms
[2023-12-11 18:08:21.417 -05:00 INF] Request reached the end of the middleware pipeline without being handled by application code. Request path: POST http://localhost:5114/, Response status code: 404
[2023-12-11 18:08:22.009 -05:00 INF] Request starting HTTP/1.1 POST http://localhost:5114/ - null 0
[2023-12-11 18:08:22.013 -05:00 INF] Request finished HTTP/1.1 POST http://localhost:5114/ - 404 0 null 3.4846ms
[2023-12-11 18:08:22.013 -05:00 INF] Request reached the end of the middleware pipeline without being handled by application code. Request path: POST http://localhost:5114/, Response status code: 404
[2023-12-11 18:08:22.373 -05:00 INF] Request starting HTTP/1.1 POST http://localhost:5114/ - null 0
[2023-12-11 18:08:22.373 -05:00 INF] Request finished HTTP/1.1 POST http://localhost:5114/ - 404 0 null 0.8072ms
[2023-12-11 18:08:22.374 -05:00 INF] Request reached the end of the middleware pipeline without being handled by application code. Request path: POST http://localhost:5114/, Response status code: 404
[2023-12-11 18:08:22.557 -05:00 INF] Request starting HTTP/1.1 POST http://localhost:5114/ - null 0
[2023-12-11 18:08:22.557 -05:00 INF] Request finished HTTP/1.1 POST http://localhost:5114/ - 404 0 null 0.387ms
[2023-12-11 18:08:22.557 -05:00 INF] Request reached the end of the middleware pipeline without being handled by application code. Request path: POST http://localhost:5114/, Response status code: 404
[2023-12-11 18:08:25.029 -05:00 INF] Request starting HTTP/1.1 POST http://localhost:5114/City - null 0
[2023-12-11 18:08:25.034 -05:00 INF] Authorization failed. These requirements were not met:
RolesAuthorizationRequirement:User.IsInRole must be true for one of the following roles: (Employee)
[2023-12-11 18:08:25.037 -05:00 INF] AuthenticationScheme: Bearer was challenged.
[2023-12-11 18:08:25.037 -05:00 INF] Request finished HTTP/1.1 POST http://localhost:5114/City - 404 0 null 8.1698ms
[2023-12-11 18:08:25.037 -05:00 INF] Request reached the end of the middleware pipeline without being handled by application code. Request path: POST http://localhost:5114/City, Response status code: 404
[2023-12-11 18:08:25.557 -05:00 INF] Request starting HTTP/1.1 POST http://localhost:5114/City - null 0
[2023-12-11 18:08:25.559 -05:00 INF] Authorization failed. These requirements were not met:
RolesAuthorizationRequirement:User.IsInRole must be true for one of the following roles: (Employee)
[2023-12-11 18:08:25.559 -05:00 INF] AuthenticationScheme: Bearer was challenged.
[2023-12-11 18:08:25.560 -05:00 INF] Request finished HTTP/1.1 POST http://localhost:5114/City - 404 0 null 2.9369ms
[2023-12-11 18:08:25.560 -05:00 INF] Request reached the end of the middleware pipeline without being handled by application code. Request path: POST http://localhost:5114/City, Response status code: 404
[2023-12-11 18:08:25.749 -05:00 INF] Request starting HTTP/1.1 POST http://localhost:5114/City - null 0
[2023-12-11 18:08:25.751 -05:00 INF] Authorization failed. These requirements were not met:
RolesAuthorizationRequirement:User.IsInRole must be true for one of the following roles: (Employee)
[2023-12-11 18:08:25.751 -05:00 INF] AuthenticationScheme: Bearer was challenged.
[2023-12-11 18:08:25.751 -05:00 INF] Request finished HTTP/1.1 POST http://localhost:5114/City - 404 0 null 2.0602ms
[2023-12-11 18:08:25.751 -05:00 INF] Request reached the end of the middleware pipeline without being handled by application code. Request path: POST http://localhost:5114/City, Response status code: 404
[2023-12-11 18:08:25.918 -05:00 INF] Request starting HTTP/1.1 POST http://localhost:5114/City - null 0
[2023-12-11 18:08:25.918 -05:00 INF] Authorization failed. These requirements were not met:
RolesAuthorizationRequirement:User.IsInRole must be true for one of the following roles: (Employee)
[2023-12-11 18:08:25.918 -05:00 INF] AuthenticationScheme: Bearer was challenged.
[2023-12-11 18:08:25.919 -05:00 INF] Request finished HTTP/1.1 POST http://localhost:5114/City - 404 0 null 0.6937ms
[2023-12-11 18:08:25.919 -05:00 INF] Request reached the end of the middleware pipeline without being handled by application code. Request path: POST http://localhost:5114/City, Response status code: 404
[2023-12-11 18:08:32.856 -05:00 INF] Application is shutting down...
[2023-12-11 18:11:09.629 -05:00 INF] Executed DbCommand (10ms) [Parameters=[], CommandType='"Text"', CommandTimeout='30']
SELECT 1 FROM INFORMATION_SCHEMA.TABLES WHERE TABLE_SCHEMA='backend' AND TABLE_NAME='__EFMigrationsHistory';
[2023-12-11 18:11:09.681 -05:00 INF] Executed DbCommand (1ms) [Parameters=[], CommandType='"Text"', CommandTimeout='30']
SELECT 1 FROM INFORMATION_SCHEMA.TABLES WHERE TABLE_SCHEMA='backend' AND TABLE_NAME='__EFMigrationsHistory';
[2023-12-11 18:11:09.705 -05:00 INF] Executed DbCommand (3ms) [Parameters=[], CommandType='"Text"', CommandTimeout='30']
SELECT `MigrationId`, `ProductVersion`
FROM `__EFMigrationsHistory`
ORDER BY `MigrationId`;
[2023-12-11 18:11:09.720 -05:00 INF] No migrations were applied. The database is already up to date.
[2023-12-11 18:11:09.810 -05:00 INF] User profile is available. Using 'C:\Users\user\AppData\Local\ASP.NET\DataProtection-Keys' as key repository and Windows DPAPI to encrypt keys at rest.
[2023-12-11 18:11:09.859 -05:00 INF] Now listening on: http://localhost:5114
[2023-12-11 18:11:09.862 -05:00 INF] Application started. Press Ctrl+C to shut down.
[2023-12-11 18:11:09.862 -05:00 INF] Hosting environment: Development
[2023-12-11 18:11:09.862 -05:00 INF] Content root path: C:\Users\user\Desktop\Prueba_Backend\API
[2023-12-11 18:11:10.222 -05:00 INF] Request starting HTTP/1.1 GET http://localhost:5114/City - null null
[2023-12-11 18:11:10.257 -05:00 WRN] Failed to determine the https port for redirect.
[2023-12-11 18:11:10.281 -05:00 INF] Authorization failed. These requirements were not met:
RolesAuthorizationRequirement:User.IsInRole must be true for one of the following roles: (Employee)
[2023-12-11 18:11:10.283 -05:00 INF] AuthenticationScheme: Bearer was challenged.
[2023-12-11 18:11:10.292 -05:00 INF] Request finished HTTP/1.1 GET http://localhost:5114/City - 404 0 null 71.7585ms
[2023-12-11 18:11:10.294 -05:00 INF] Request reached the end of the middleware pipeline without being handled by application code. Request path: GET http://localhost:5114/City, Response status code: 404
[2023-12-11 18:11:11.452 -05:00 INF] Request starting HTTP/1.1 GET http://localhost:5114/City - null null
[2023-12-11 18:11:11.456 -05:00 INF] Authorization failed. These requirements were not met:
RolesAuthorizationRequirement:User.IsInRole must be true for one of the following roles: (Employee)
[2023-12-11 18:11:11.456 -05:00 INF] AuthenticationScheme: Bearer was challenged.
[2023-12-11 18:11:11.458 -05:00 INF] Request finished HTTP/1.1 GET http://localhost:5114/City - 404 0 null 5.6817ms
[2023-12-11 18:11:11.458 -05:00 INF] Request reached the end of the middleware pipeline without being handled by application code. Request path: GET http://localhost:5114/City, Response status code: 404
[2023-12-11 18:11:14.868 -05:00 INF] Request starting HTTP/1.1 GET http://localhost:5114/ - null null
[2023-12-11 18:11:14.869 -05:00 INF] Request finished HTTP/1.1 GET http://localhost:5114/ - 404 0 null 0.7873ms
[2023-12-11 18:11:14.869 -05:00 INF] Request reached the end of the middleware pipeline without being handled by application code. Request path: GET http://localhost:5114/, Response status code: 404
[2023-12-11 18:12:06.189 -05:00 INF] Request starting HTTP/1.1 GET http://localhost:5114/swagger/index.html - null null
[2023-12-11 18:12:06.234 -05:00 INF] Request finished HTTP/1.1 GET http://localhost:5114/swagger/index.html - 200 null text/html;charset=utf-8 45.0036ms
[2023-12-11 18:12:06.413 -05:00 INF] Request starting HTTP/1.1 GET http://localhost:5114/swagger/v1/swagger.json - null null
[2023-12-11 18:12:06.541 -05:00 INF] Request finished HTTP/1.1 GET http://localhost:5114/swagger/v1/swagger.json - 200 null application/json;charset=utf-8 127.6628ms
[2023-12-11 18:12:11.914 -05:00 INF] Request starting HTTP/1.1 GET http://localhost:5114/City - null null
[2023-12-11 18:12:11.915 -05:00 INF] Authorization failed. These requirements were not met:
RolesAuthorizationRequirement:User.IsInRole must be true for one of the following roles: (Employee)
[2023-12-11 18:12:11.916 -05:00 INF] AuthenticationScheme: Bearer was challenged.
[2023-12-11 18:12:11.916 -05:00 INF] Request finished HTTP/1.1 GET http://localhost:5114/City - 404 0 null 1.7165ms
[2023-12-11 18:12:11.916 -05:00 INF] Request reached the end of the middleware pipeline without being handled by application code. Request path: GET http://localhost:5114/City, Response status code: 404
[2023-12-11 18:13:26.406 -05:00 INF] Application is shutting down...
[2023-12-11 18:13:42.792 -05:00 INF] Executed DbCommand (9ms) [Parameters=[], CommandType='"Text"', CommandTimeout='30']
SELECT 1 FROM INFORMATION_SCHEMA.TABLES WHERE TABLE_SCHEMA='backend' AND TABLE_NAME='__EFMigrationsHistory';
[2023-12-11 18:13:42.846 -05:00 INF] Executed DbCommand (1ms) [Parameters=[], CommandType='"Text"', CommandTimeout='30']
SELECT 1 FROM INFORMATION_SCHEMA.TABLES WHERE TABLE_SCHEMA='backend' AND TABLE_NAME='__EFMigrationsHistory';
[2023-12-11 18:13:42.873 -05:00 INF] Executed DbCommand (4ms) [Parameters=[], CommandType='"Text"', CommandTimeout='30']
SELECT `MigrationId`, `ProductVersion`
FROM `__EFMigrationsHistory`
ORDER BY `MigrationId`;
[2023-12-11 18:13:42.889 -05:00 INF] No migrations were applied. The database is already up to date.
[2023-12-11 18:13:42.999 -05:00 INF] User profile is available. Using 'C:\Users\user\AppData\Local\ASP.NET\DataProtection-Keys' as key repository and Windows DPAPI to encrypt keys at rest.
[2023-12-11 18:13:43.053 -05:00 INF] Now listening on: http://localhost:5114
[2023-12-11 18:13:43.056 -05:00 INF] Application started. Press Ctrl+C to shut down.
[2023-12-11 18:13:43.056 -05:00 INF] Hosting environment: Development
[2023-12-11 18:13:43.056 -05:00 INF] Content root path: C:\Users\user\Desktop\Prueba_Backend\API
[2023-12-11 18:13:44.361 -05:00 INF] Request starting HTTP/1.1 GET http://localhost:5114/ - null null
[2023-12-11 18:13:44.402 -05:00 WRN] Failed to determine the https port for redirect.
[2023-12-11 18:13:44.437 -05:00 INF] Request finished HTTP/1.1 GET http://localhost:5114/ - 404 0 null 77.9576ms
[2023-12-11 18:13:44.440 -05:00 INF] Request reached the end of the middleware pipeline without being handled by application code. Request path: GET http://localhost:5114/, Response status code: 404
[2023-12-11 18:13:51.742 -05:00 INF] Request starting HTTP/1.1 GET http://localhost:5114/ - null null
[2023-12-11 18:13:51.746 -05:00 INF] Request finished HTTP/1.1 GET http://localhost:5114/ - 404 0 null 4.51ms
[2023-12-11 18:13:51.746 -05:00 INF] Request reached the end of the middleware pipeline without being handled by application code. Request path: GET http://localhost:5114/, Response status code: 404
[2023-12-11 18:13:52.572 -05:00 INF] Request starting HTTP/1.1 GET http://localhost:5114/ - null null
[2023-12-11 18:13:52.573 -05:00 INF] Request finished HTTP/1.1 GET http://localhost:5114/ - 404 0 null 1.0754ms
[2023-12-11 18:13:52.573 -05:00 INF] Request reached the end of the middleware pipeline without being handled by application code. Request path: GET http://localhost:5114/, Response status code: 404
[2023-12-11 18:13:52.793 -05:00 INF] Request starting HTTP/1.1 GET http://localhost:5114/ - null null
[2023-12-11 18:13:52.793 -05:00 INF] Request finished HTTP/1.1 GET http://localhost:5114/ - 404 0 null 0.4376ms
[2023-12-11 18:13:52.793 -05:00 INF] Request reached the end of the middleware pipeline without being handled by application code. Request path: GET http://localhost:5114/, Response status code: 404
[2023-12-11 18:13:53.123 -05:00 INF] Request starting HTTP/1.1 GET http://localhost:5114/ - null null
[2023-12-11 18:13:53.124 -05:00 INF] Request finished HTTP/1.1 GET http://localhost:5114/ - 404 0 null 0.3431ms
[2023-12-11 18:13:53.124 -05:00 INF] Request reached the end of the middleware pipeline without being handled by application code. Request path: GET http://localhost:5114/, Response status code: 404
[2023-12-11 18:13:53.394 -05:00 INF] Request starting HTTP/1.1 GET http://localhost:5114/ - null null
[2023-12-11 18:13:53.395 -05:00 INF] Request finished HTTP/1.1 GET http://localhost:5114/ - 404 0 null 0.3812ms
[2023-12-11 18:13:53.395 -05:00 INF] Request reached the end of the middleware pipeline without being handled by application code. Request path: GET http://localhost:5114/, Response status code: 404
[2023-12-11 18:13:53.555 -05:00 INF] Request starting HTTP/1.1 GET http://localhost:5114/ - null null
[2023-12-11 18:13:53.556 -05:00 INF] Request finished HTTP/1.1 GET http://localhost:5114/ - 404 0 null 0.4563ms
[2023-12-11 18:13:53.556 -05:00 INF] Request reached the end of the middleware pipeline without being handled by application code. Request path: GET http://localhost:5114/, Response status code: 404
[2023-12-11 18:13:53.724 -05:00 INF] Request starting HTTP/1.1 GET http://localhost:5114/ - null null
[2023-12-11 18:13:53.724 -05:00 INF] Request finished HTTP/1.1 GET http://localhost:5114/ - 404 0 null 0.4343ms
[2023-12-11 18:13:53.724 -05:00 INF] Request reached the end of the middleware pipeline without being handled by application code. Request path: GET http://localhost:5114/, Response status code: 404
[2023-12-11 18:13:54.050 -05:00 INF] Request starting HTTP/1.1 GET http://localhost:5114/ - null null
[2023-12-11 18:13:54.051 -05:00 INF] Request finished HTTP/1.1 GET http://localhost:5114/ - 404 0 null 0.783ms
[2023-12-11 18:13:54.051 -05:00 INF] Request reached the end of the middleware pipeline without being handled by application code. Request path: GET http://localhost:5114/, Response status code: 404
[2023-12-11 18:13:54.236 -05:00 INF] Request starting HTTP/1.1 GET http://localhost:5114/ - null null
[2023-12-11 18:13:54.237 -05:00 INF] Request finished HTTP/1.1 GET http://localhost:5114/ - 404 0 null 0.4758ms
[2023-12-11 18:13:54.237 -05:00 INF] Request reached the end of the middleware pipeline without being handled by application code. Request path: GET http://localhost:5114/, Response status code: 404
[2023-12-11 18:15:52.010 -05:00 INF] Application is shutting down...
[2023-12-11 18:15:56.355 -05:00 INF] Executed DbCommand (7ms) [Parameters=[], CommandType='"Text"', CommandTimeout='30']
SELECT 1 FROM INFORMATION_SCHEMA.TABLES WHERE TABLE_SCHEMA='backend' AND TABLE_NAME='__EFMigrationsHistory';
[2023-12-11 18:15:56.403 -05:00 INF] Executed DbCommand (1ms) [Parameters=[], CommandType='"Text"', CommandTimeout='30']
SELECT 1 FROM INFORMATION_SCHEMA.TABLES WHERE TABLE_SCHEMA='backend' AND TABLE_NAME='__EFMigrationsHistory';
[2023-12-11 18:15:56.425 -05:00 INF] Executed DbCommand (3ms) [Parameters=[], CommandType='"Text"', CommandTimeout='30']
SELECT `MigrationId`, `ProductVersion`
FROM `__EFMigrationsHistory`
ORDER BY `MigrationId`;
[2023-12-11 18:15:56.440 -05:00 INF] No migrations were applied. The database is already up to date.
[2023-12-11 18:15:56.547 -05:00 INF] User profile is available. Using 'C:\Users\user\AppData\Local\ASP.NET\DataProtection-Keys' as key repository and Windows DPAPI to encrypt keys at rest.
[2023-12-11 18:15:56.605 -05:00 INF] Now listening on: http://localhost:5114
[2023-12-11 18:15:56.608 -05:00 INF] Application started. Press Ctrl+C to shut down.
[2023-12-11 18:15:56.608 -05:00 INF] Hosting environment: Development
[2023-12-11 18:15:56.608 -05:00 INF] Content root path: C:\Users\user\Desktop\Prueba_Backend\API
[2023-12-11 18:16:07.554 -05:00 INF] Request starting HTTP/1.1 GET http://localhost:5114/ - null null
[2023-12-11 18:16:07.586 -05:00 INF] Request finished HTTP/1.1 GET http://localhost:5114/ - 307 0 null 32.2036ms
[2023-12-11 18:16:08.732 -05:00 INF] Request starting HTTP/1.1 GET http://localhost:5114/ - null null
[2023-12-11 18:16:08.734 -05:00 INF] Request finished HTTP/1.1 GET http://localhost:5114/ - 307 0 null 1.3404ms
[2023-12-11 18:16:09.331 -05:00 INF] Request starting HTTP/1.1 GET http://localhost:5114/ - null null
[2023-12-11 18:16:09.332 -05:00 INF] Request finished HTTP/1.1 GET http://localhost:5114/ - 307 0 null 0.8964ms
[2023-12-11 18:16:09.602 -05:00 INF] Request starting HTTP/1.1 GET http://localhost:5114/ - null null
[2023-12-11 18:16:09.603 -05:00 INF] Request finished HTTP/1.1 GET http://localhost:5114/ - 307 0 null 0.2986ms
[2023-12-11 18:16:09.801 -05:00 INF] Request starting HTTP/1.1 GET http://localhost:5114/ - null null
[2023-12-11 18:16:09.802 -05:00 INF] Request finished HTTP/1.1 GET http://localhost:5114/ - 307 0 null 0.3204ms
[2023-12-11 18:16:10.025 -05:00 INF] Request starting HTTP/1.1 GET http://localhost:5114/ - null null
[2023-12-11 18:16:10.026 -05:00 INF] Request finished HTTP/1.1 GET http://localhost:5114/ - 307 0 null 0.2537ms
[2023-12-11 18:16:16.453 -05:00 INF] Application is shutting down...
[2023-12-11 18:16:21.704 -05:00 INF] Executed DbCommand (7ms) [Parameters=[], CommandType='"Text"', CommandTimeout='30']
SELECT 1 FROM INFORMATION_SCHEMA.TABLES WHERE TABLE_SCHEMA='backend' AND TABLE_NAME='__EFMigrationsHistory';
[2023-12-11 18:16:21.745 -05:00 INF] Executed DbCommand (2ms) [Parameters=[], CommandType='"Text"', CommandTimeout='30']
SELECT 1 FROM INFORMATION_SCHEMA.TABLES WHERE TABLE_SCHEMA='backend' AND TABLE_NAME='__EFMigrationsHistory';
[2023-12-11 18:16:21.769 -05:00 INF] Executed DbCommand (2ms) [Parameters=[], CommandType='"Text"', CommandTimeout='30']
SELECT `MigrationId`, `ProductVersion`
FROM `__EFMigrationsHistory`
ORDER BY `MigrationId`;
[2023-12-11 18:16:21.783 -05:00 INF] No migrations were applied. The database is already up to date.
[2023-12-11 18:16:21.893 -05:00 INF] User profile is available. Using 'C:\Users\user\AppData\Local\ASP.NET\DataProtection-Keys' as key repository and Windows DPAPI to encrypt keys at rest.
[2023-12-11 18:16:21.949 -05:00 INF] Now listening on: http://localhost:5114
[2023-12-11 18:16:21.951 -05:00 INF] Application started. Press Ctrl+C to shut down.
[2023-12-11 18:16:21.951 -05:00 INF] Hosting environment: Development
[2023-12-11 18:16:21.951 -05:00 INF] Content root path: C:\Users\user\Desktop\Prueba_Backend\API
[2023-12-11 18:16:27.765 -05:00 INF] Request starting HTTP/1.1 GET http://localhost:5114/ - null null
[2023-12-11 18:16:27.798 -05:00 WRN] Failed to determine the https port for redirect.
[2023-12-11 18:16:27.828 -05:00 INF] Request finished HTTP/1.1 GET http://localhost:5114/ - 404 0 null 63.408ms
[2023-12-11 18:16:27.830 -05:00 INF] Request reached the end of the middleware pipeline without being handled by application code. Request path: GET http://localhost:5114/, Response status code: 404
[2023-12-11 18:16:28.669 -05:00 INF] Request starting HTTP/1.1 GET http://localhost:5114/ - null null
[2023-12-11 18:16:28.673 -05:00 INF] Request finished HTTP/1.1 GET http://localhost:5114/ - 404 0 null 3.8085ms
[2023-12-11 18:16:28.673 -05:00 INF] Request reached the end of the middleware pipeline without being handled by application code. Request path: GET http://localhost:5114/, Response status code: 404
[2023-12-11 18:16:37.953 -05:00 INF] Request starting HTTP/1.1 GET http://localhost:5114/ - null null
[2023-12-11 18:16:37.954 -05:00 INF] Request finished HTTP/1.1 GET http://localhost:5114/ - 404 0 null 0.7609ms
[2023-12-11 18:16:37.954 -05:00 INF] Request reached the end of the middleware pipeline without being handled by application code. Request path: GET http://localhost:5114/, Response status code: 404
[2023-12-11 18:16:44.256 -05:00 INF] Request starting HTTP/1.1 GET http://localhost:5114/swagger/index.html - null null
[2023-12-11 18:16:44.300 -05:00 INF] Request finished HTTP/1.1 GET http://localhost:5114/swagger/index.html - 200 null text/html;charset=utf-8 43.4011ms
[2023-12-11 18:16:44.467 -05:00 INF] Request starting HTTP/1.1 GET http://localhost:5114/swagger/v1/swagger.json - null null
[2023-12-11 18:16:44.603 -05:00 INF] Request finished HTTP/1.1 GET http://localhost:5114/swagger/v1/swagger.json - 200 null application/json;charset=utf-8 135.2719ms
[2023-12-11 18:26:13.963 -05:00 INF] Application is shutting down...
